Electric Version 8.05
--------------- 0 --------------
  Sat Nov 03 23:13:31 EDT 2018
Menu Activated: File | Open Library...
--------------- 1 --------------
  Sat Nov 03 23:13:37 EDT 2018
Menu Activated: Tool | Simulation (Built-in) | ALS: Simulate Current Cell
--------------- 2 --------------
  Sat Nov 03 23:13:42 EDT 2018
Menu Activated: Tool | Simulation (Built-in) | Restore Stimuli from Disk...
--------------- 3 --------------
  Sat Nov 03 23:13:51 EDT 2018
ProcessKeyBinding 401 when=1541301231173 modifiers=80 code=11 char=ffff false false
--------------- 4 --------------
  Sat Nov 03 23:13:52 EDT 2018
ProcessKeyBinding 401 when=1541301232113 modifiers=80 code=37 char=37(7) false false
--------------- 5 --------------
  Sat Nov 03 23:13:52 EDT 2018
Menu Activated: Window | Zoom In
--------------- 6 --------------
  Sat Nov 03 23:13:52 EDT 2018
ProcessKeyBinding 400 when=1541301232113 modifiers=80 code=0 char=37(7) false false
--------------- 7 --------------
  Sat Nov 03 23:13:52 EDT 2018
ProcessKeyBinding 402 when=1541301232208 modifiers=80 code=37 char=37(7) false false
--------------- 8 --------------
  Sat Nov 03 23:13:54 EDT 2018
ProcessKeyBinding 401 when=1541301234044 modifiers=80 code=30 char=30(0) false false
--------------- 9 --------------
  Sat Nov 03 23:13:54 EDT 2018
Menu Activated: Window | Zoom Out
--------------- 10 --------------
  Sat Nov 03 23:13:54 EDT 2018
ProcessKeyBinding 400 when=1541301234044 modifiers=80 code=0 char=30(0) false false
--------------- 11 --------------
  Sat Nov 03 23:13:54 EDT 2018
ProcessKeyBinding 402 when=1541301234111 modifiers=80 code=30 char=30(0) false false
--------------- 12 --------------
  Sat Nov 03 23:13:54 EDT 2018
ProcessKeyBinding 401 when=1541301234399 modifiers=80 code=30 char=30(0) false false
--------------- 13 --------------
  Sat Nov 03 23:13:54 EDT 2018
Menu Activated: Window | Zoom Out
--------------- 14 --------------
  Sat Nov 03 23:13:54 EDT 2018
ProcessKeyBinding 400 when=1541301234399 modifiers=80 code=0 char=30(0) false false
--------------- 15 --------------
  Sat Nov 03 23:13:54 EDT 2018
ProcessKeyBinding 402 when=1541301234474 modifiers=80 code=30 char=30(0) false false
--------------- 16 --------------
  Sat Nov 03 23:13:55 EDT 2018
ProcessKeyBinding 401 when=1541301235747 modifiers=80 code=30 char=30(0) false false
--------------- 17 --------------
  Sat Nov 03 23:13:55 EDT 2018
Menu Activated: Window | Zoom Out
--------------- 18 --------------
  Sat Nov 03 23:13:55 EDT 2018
ProcessKeyBinding 400 when=1541301235747 modifiers=80 code=0 char=30(0) false false
--------------- 19 --------------
  Sat Nov 03 23:13:55 EDT 2018
ProcessKeyBinding 402 when=1541301235804 modifiers=80 code=30 char=30(0) false false
--------------- 20 --------------
  Sat Nov 03 23:13:59 EDT 2018
ProcessKeyBinding 402 when=1541301239894 modifiers=0 code=11 char=ffff false false
--------------- 21 --------------
  Sat Nov 03 23:14:14 EDT 2018
Menu Activated: Tool | Simulation (Built-in) | Restore Stimuli from Disk...
